2015-11-03 12:08:01,132 - Log4JLogChute initialized using file 'velocity.log'
2015-11-03 12:08:01,132 - Initializing Velocity, Calling init()...
2015-11-03 12:08:01,132 - Starting Apache Velocity v1.7-beta1 (compiled: 2010-04-02 14:09:59)
2015-11-03 12:08:01,132 - Default Properties File: org\apache\velocity\runtime\defaults\velocity.properties
2015-11-03 12:08:01,132 - Trying to use logger class org.apache.velocity.runtime.log.AvalonLogChute
2015-11-03 12:08:01,132 - Target log system for org.apache.velocity.runtime.log.AvalonLogChute is not available (java.lang.NoClassDefFoundError: org/apache/log/format/Formatter).  Falling back to next log system...
2015-11-03 12:08:01,132 - Trying to use logger class org.apache.velocity.runtime.log.Log4JLogChute
2015-11-03 12:08:01,132 - Using logger class org.apache.velocity.runtime.log.Log4JLogChute
2015-11-03 12:08:01,135 - ResourceLoader instantiated: org.apache.velocity.runtime.resource.loader.FileResourceLoader
2015-11-03 12:08:01,136 - Do unicode file recognition:  false
2015-11-03 12:08:01,136 - FileResourceLoader : adding path 'C:\Users\DSHALY~1\AppData\Local\Temp'
2015-11-03 12:08:01,144 - ResourceCache: initialized (class org.apache.velocity.runtime.resource.ResourceCacheImpl) with class java.util.Collections$SynchronizedMap cache map.
2015-11-03 12:08:01,145 - Loaded System Directive: org.apache.velocity.runtime.directive.Stop
2015-11-03 12:08:01,146 - Loaded System Directive: org.apache.velocity.runtime.directive.Define
2015-11-03 12:08:01,146 - Loaded System Directive: org.apache.velocity.runtime.directive.Break
2015-11-03 12:08:01,147 - Loaded System Directive: org.apache.velocity.runtime.directive.Evaluate
2015-11-03 12:08:01,147 - Loaded System Directive: org.apache.velocity.runtime.directive.Literal
2015-11-03 12:08:01,149 - Loaded System Directive: org.apache.velocity.runtime.directive.Macro
2015-11-03 12:08:01,150 - Loaded System Directive: org.apache.velocity.runtime.directive.Parse
2015-11-03 12:08:01,151 - Loaded System Directive: org.apache.velocity.runtime.directive.Include
2015-11-03 12:08:01,152 - Loaded System Directive: org.apache.velocity.runtime.directive.Foreach
2015-11-03 12:08:01,192 - Created '20' parsers.
2015-11-03 12:08:01,198 - Velocimacro : "velocimacro.library" is not set.  Trying default library: VM_global_library.vm
2015-11-03 12:08:01,198 - Velocimacro : Default library not found.
2015-11-03 12:08:01,198 - Velocimacro : allowInline = true : VMs can be defined inline in templates
2015-11-03 12:08:01,198 - Velocimacro : allowInlineToOverride = false : VMs defined inline may NOT replace previous VM definitions
2015-11-03 12:08:01,198 - Velocimacro : allowInlineLocal = false : VMs defined inline will be global in scope if allowed.
2015-11-03 12:08:01,199 - Velocimacro : autoload off : VM system will not automatically reload global library macros
2015-11-03 12:08:02,053 - ResourceManager : found TempTemplate6064416701021115676.txt with loader org.apache.velocity.runtime.resource.loader.FileResourceLoader
2015-11-03 12:08:13,501 - Log4JLogChute initialized using file 'velocity.log'
2015-11-03 12:08:13,501 - Initializing Velocity, Calling init()...
2015-11-03 12:08:13,501 - Starting Apache Velocity v1.7-beta1 (compiled: 2010-04-02 14:09:59)
2015-11-03 12:08:13,502 - Default Properties File: org\apache\velocity\runtime\defaults\velocity.properties
2015-11-03 12:08:13,502 - Trying to use logger class org.apache.velocity.runtime.log.AvalonLogChute
2015-11-03 12:08:13,502 - Target log system for org.apache.velocity.runtime.log.AvalonLogChute is not available (java.lang.NoClassDefFoundError: org/apache/log/format/Formatter).  Falling back to next log system...
2015-11-03 12:08:13,502 - Trying to use logger class org.apache.velocity.runtime.log.Log4JLogChute
2015-11-03 12:08:13,502 - Using logger class org.apache.velocity.runtime.log.Log4JLogChute
2015-11-03 12:08:13,506 - ResourceLoader instantiated: org.apache.velocity.runtime.resource.loader.FileResourceLoader
2015-11-03 12:08:13,506 - Do unicode file recognition:  false
2015-11-03 12:08:13,507 - FileResourceLoader : adding path 'C:\Users\DSHALY~1\AppData\Local\Temp'
2015-11-03 12:08:13,515 - ResourceCache: initialized (class org.apache.velocity.runtime.resource.ResourceCacheImpl) with class java.util.Collections$SynchronizedMap cache map.
2015-11-03 12:08:13,516 - Loaded System Directive: org.apache.velocity.runtime.directive.Stop
2015-11-03 12:08:13,517 - Loaded System Directive: org.apache.velocity.runtime.directive.Define
2015-11-03 12:08:13,517 - Loaded System Directive: org.apache.velocity.runtime.directive.Break
2015-11-03 12:08:13,518 - Loaded System Directive: org.apache.velocity.runtime.directive.Evaluate
2015-11-03 12:08:13,518 - Loaded System Directive: org.apache.velocity.runtime.directive.Literal
2015-11-03 12:08:13,519 - Loaded System Directive: org.apache.velocity.runtime.directive.Macro
2015-11-03 12:08:13,520 - Loaded System Directive: org.apache.velocity.runtime.directive.Parse
2015-11-03 12:08:13,521 - Loaded System Directive: org.apache.velocity.runtime.directive.Include
2015-11-03 12:08:13,522 - Loaded System Directive: org.apache.velocity.runtime.directive.Foreach
2015-11-03 12:08:13,547 - Created '20' parsers.
2015-11-03 12:08:13,553 - Velocimacro : "velocimacro.library" is not set.  Trying default library: VM_global_library.vm
2015-11-03 12:08:13,553 - Velocimacro : Default library not found.
2015-11-03 12:08:13,553 - Velocimacro : allowInline = true : VMs can be defined inline in templates
2015-11-03 12:08:13,553 - Velocimacro : allowInlineToOverride = false : VMs defined inline may NOT replace previous VM definitions
2015-11-03 12:08:13,553 - Velocimacro : allowInlineLocal = false : VMs defined inline will be global in scope if allowed.
2015-11-03 12:08:13,553 - Velocimacro : autoload off : VM system will not automatically reload global library macros
2015-11-03 12:08:14,179 - ResourceManager : found TempTemplate3625357058686931382.txt with loader org.apache.velocity.runtime.resource.loader.FileResourceLoader
2015-11-03 12:08:22,880 - Log4JLogChute initialized using file 'velocity.log'
2015-11-03 12:08:22,881 - Initializing Velocity, Calling init()...
2015-11-03 12:08:22,881 - Starting Apache Velocity v1.7-beta1 (compiled: 2010-04-02 14:09:59)
2015-11-03 12:08:22,881 - Default Properties File: org\apache\velocity\runtime\defaults\velocity.properties
2015-11-03 12:08:22,881 - Trying to use logger class org.apache.velocity.runtime.log.AvalonLogChute
2015-11-03 12:08:22,881 - Target log system for org.apache.velocity.runtime.log.AvalonLogChute is not available (java.lang.NoClassDefFoundError: org/apache/log/format/Formatter).  Falling back to next log system...
2015-11-03 12:08:22,881 - Trying to use logger class org.apache.velocity.runtime.log.Log4JLogChute
2015-11-03 12:08:22,881 - Using logger class org.apache.velocity.runtime.log.Log4JLogChute
2015-11-03 12:08:22,885 - ResourceLoader instantiated: org.apache.velocity.runtime.resource.loader.FileResourceLoader
2015-11-03 12:08:22,886 - Do unicode file recognition:  false
2015-11-03 12:08:22,886 - FileResourceLoader : adding path 'C:\Users\DSHALY~1\AppData\Local\Temp'
2015-11-03 12:08:22,896 - ResourceCache: initialized (class org.apache.velocity.runtime.resource.ResourceCacheImpl) with class java.util.Collections$SynchronizedMap cache map.
2015-11-03 12:08:22,897 - Loaded System Directive: org.apache.velocity.runtime.directive.Stop
2015-11-03 12:08:22,899 - Loaded System Directive: org.apache.velocity.runtime.directive.Define
2015-11-03 12:08:22,899 - Loaded System Directive: org.apache.velocity.runtime.directive.Break
2015-11-03 12:08:22,900 - Loaded System Directive: org.apache.velocity.runtime.directive.Evaluate
2015-11-03 12:08:22,901 - Loaded System Directive: org.apache.velocity.runtime.directive.Literal
2015-11-03 12:08:22,903 - Loaded System Directive: org.apache.velocity.runtime.directive.Macro
2015-11-03 12:08:22,904 - Loaded System Directive: org.apache.velocity.runtime.directive.Parse
2015-11-03 12:08:22,906 - Loaded System Directive: org.apache.velocity.runtime.directive.Include
2015-11-03 12:08:22,906 - Loaded System Directive: org.apache.velocity.runtime.directive.Foreach
2015-11-03 12:08:22,931 - Created '20' parsers.
2015-11-03 12:08:22,937 - Velocimacro : "velocimacro.library" is not set.  Trying default library: VM_global_library.vm
2015-11-03 12:08:22,937 - Velocimacro : Default library not found.
2015-11-03 12:08:22,937 - Velocimacro : allowInline = true : VMs can be defined inline in templates
2015-11-03 12:08:22,937 - Velocimacro : allowInlineToOverride = false : VMs defined inline may NOT replace previous VM definitions
2015-11-03 12:08:22,937 - Velocimacro : allowInlineLocal = false : VMs defined inline will be global in scope if allowed.
2015-11-03 12:08:22,937 - Velocimacro : autoload off : VM system will not automatically reload global library macros
2015-11-03 12:08:23,775 - ResourceManager : found TempTemplate3749578695472847242.txt with loader org.apache.velocity.runtime.resource.loader.FileResourceLoader
2015-11-03 12:09:53,866 - Log4JLogChute initialized using file 'velocity.log'
2015-11-03 12:09:53,866 - Initializing Velocity, Calling init()...
2015-11-03 12:09:53,866 - Starting Apache Velocity v1.7-beta1 (compiled: 2010-04-02 14:09:59)
2015-11-03 12:09:53,867 - Default Properties File: org\apache\velocity\runtime\defaults\velocity.properties
2015-11-03 12:09:53,867 - Trying to use logger class org.apache.velocity.runtime.log.AvalonLogChute
2015-11-03 12:09:53,867 - Target log system for org.apache.velocity.runtime.log.AvalonLogChute is not available (java.lang.NoClassDefFoundError: org/apache/log/format/Formatter).  Falling back to next log system...
2015-11-03 12:09:53,867 - Trying to use logger class org.apache.velocity.runtime.log.Log4JLogChute
2015-11-03 12:09:53,867 - Using logger class org.apache.velocity.runtime.log.Log4JLogChute
2015-11-03 12:09:53,870 - ResourceLoader instantiated: org.apache.velocity.runtime.resource.loader.FileResourceLoader
2015-11-03 12:09:53,871 - Do unicode file recognition:  false
2015-11-03 12:09:53,871 - FileResourceLoader : adding path 'C:\Users\DSHALY~1\AppData\Local\Temp'
2015-11-03 12:09:53,879 - ResourceCache: initialized (class org.apache.velocity.runtime.resource.ResourceCacheImpl) with class java.util.Collections$SynchronizedMap cache map.
2015-11-03 12:09:53,880 - Loaded System Directive: org.apache.velocity.runtime.directive.Stop
2015-11-03 12:09:53,881 - Loaded System Directive: org.apache.velocity.runtime.directive.Define
2015-11-03 12:09:53,882 - Loaded System Directive: org.apache.velocity.runtime.directive.Break
2015-11-03 12:09:53,882 - Loaded System Directive: org.apache.velocity.runtime.directive.Evaluate
2015-11-03 12:09:53,883 - Loaded System Directive: org.apache.velocity.runtime.directive.Literal
2015-11-03 12:09:53,884 - Loaded System Directive: org.apache.velocity.runtime.directive.Macro
2015-11-03 12:09:53,884 - Loaded System Directive: org.apache.velocity.runtime.directive.Parse
2015-11-03 12:09:53,885 - Loaded System Directive: org.apache.velocity.runtime.directive.Include
2015-11-03 12:09:53,886 - Loaded System Directive: org.apache.velocity.runtime.directive.Foreach
2015-11-03 12:09:53,910 - Created '20' parsers.
2015-11-03 12:09:53,915 - Velocimacro : "velocimacro.library" is not set.  Trying default library: VM_global_library.vm
2015-11-03 12:09:53,915 - Velocimacro : Default library not found.
2015-11-03 12:09:53,915 - Velocimacro : allowInline = true : VMs can be defined inline in templates
2015-11-03 12:09:53,916 - Velocimacro : allowInlineToOverride = false : VMs defined inline may NOT replace previous VM definitions
2015-11-03 12:09:53,916 - Velocimacro : allowInlineLocal = false : VMs defined inline will be global in scope if allowed.
2015-11-03 12:09:53,916 - Velocimacro : autoload off : VM system will not automatically reload global library macros
2015-11-03 12:09:54,565 - ResourceManager : found TempTemplate4905365217579968046.txt with loader org.apache.velocity.runtime.resource.loader.FileResourceLoader
2015-11-03 12:10:12,317 - Log4JLogChute initialized using file 'velocity.log'
2015-11-03 12:10:12,317 - Initializing Velocity, Calling init()...
2015-11-03 12:10:12,317 - Starting Apache Velocity v1.7-beta1 (compiled: 2010-04-02 14:09:59)
2015-11-03 12:10:12,317 - Default Properties File: org\apache\velocity\runtime\defaults\velocity.properties
2015-11-03 12:10:12,317 - Trying to use logger class org.apache.velocity.runtime.log.AvalonLogChute
2015-11-03 12:10:12,317 - Target log system for org.apache.velocity.runtime.log.AvalonLogChute is not available (java.lang.NoClassDefFoundError: org/apache/log/format/Formatter).  Falling back to next log system...
2015-11-03 12:10:12,317 - Trying to use logger class org.apache.velocity.runtime.log.Log4JLogChute
2015-11-03 12:10:12,317 - Using logger class org.apache.velocity.runtime.log.Log4JLogChute
2015-11-03 12:10:12,321 - ResourceLoader instantiated: org.apache.velocity.runtime.resource.loader.FileResourceLoader
2015-11-03 12:10:12,322 - Do unicode file recognition:  false
2015-11-03 12:10:12,322 - FileResourceLoader : adding path 'C:\Users\DSHALY~1\AppData\Local\Temp'
2015-11-03 12:10:12,331 - ResourceCache: initialized (class org.apache.velocity.runtime.resource.ResourceCacheImpl) with class java.util.Collections$SynchronizedMap cache map.
2015-11-03 12:10:12,333 - Loaded System Directive: org.apache.velocity.runtime.directive.Stop
2015-11-03 12:10:12,334 - Loaded System Directive: org.apache.velocity.runtime.directive.Define
2015-11-03 12:10:12,335 - Loaded System Directive: org.apache.velocity.runtime.directive.Break
2015-11-03 12:10:12,336 - Loaded System Directive: org.apache.velocity.runtime.directive.Evaluate
2015-11-03 12:10:12,336 - Loaded System Directive: org.apache.velocity.runtime.directive.Literal
2015-11-03 12:10:12,337 - Loaded System Directive: org.apache.velocity.runtime.directive.Macro
2015-11-03 12:10:12,338 - Loaded System Directive: org.apache.velocity.runtime.directive.Parse
2015-11-03 12:10:12,339 - Loaded System Directive: org.apache.velocity.runtime.directive.Include
2015-11-03 12:10:12,340 - Loaded System Directive: org.apache.velocity.runtime.directive.Foreach
2015-11-03 12:10:12,381 - Created '20' parsers.
2015-11-03 12:10:12,389 - Velocimacro : "velocimacro.library" is not set.  Trying default library: VM_global_library.vm
2015-11-03 12:10:12,389 - Velocimacro : Default library not found.
2015-11-03 12:10:12,389 - Velocimacro : allowInline = true : VMs can be defined inline in templates
2015-11-03 12:10:12,389 - Velocimacro : allowInlineToOverride = false : VMs defined inline may NOT replace previous VM definitions
2015-11-03 12:10:12,389 - Velocimacro : allowInlineLocal = false : VMs defined inline will be global in scope if allowed.
2015-11-03 12:10:12,389 - Velocimacro : autoload off : VM system will not automatically reload global library macros
2015-11-03 12:10:13,196 - ResourceManager : found TempTemplate4438005278064620908.txt with loader org.apache.velocity.runtime.resource.loader.FileResourceLoader
2015-11-03 12:11:48,679 - Log4JLogChute initialized using file 'velocity.log'
2015-11-03 12:11:48,680 - Initializing Velocity, Calling init()...
2015-11-03 12:11:48,680 - Starting Apache Velocity v1.7-beta1 (compiled: 2010-04-02 14:09:59)
2015-11-03 12:11:48,680 - Default Properties File: org\apache\velocity\runtime\defaults\velocity.properties
2015-11-03 12:11:48,680 - Trying to use logger class org.apache.velocity.runtime.log.AvalonLogChute
2015-11-03 12:11:48,680 - Target log system for org.apache.velocity.runtime.log.AvalonLogChute is not available (java.lang.NoClassDefFoundError: org/apache/log/format/Formatter).  Falling back to next log system...
2015-11-03 12:11:48,680 - Trying to use logger class org.apache.velocity.runtime.log.Log4JLogChute
2015-11-03 12:11:48,680 - Using logger class org.apache.velocity.runtime.log.Log4JLogChute
2015-11-03 12:11:48,684 - ResourceLoader instantiated: org.apache.velocity.runtime.resource.loader.FileResourceLoader
2015-11-03 12:11:48,685 - Do unicode file recognition:  false
2015-11-03 12:11:48,685 - FileResourceLoader : adding path 'C:\Users\DSHALY~1\AppData\Local\Temp'
2015-11-03 12:11:48,694 - ResourceCache: initialized (class org.apache.velocity.runtime.resource.ResourceCacheImpl) with class java.util.Collections$SynchronizedMap cache map.
2015-11-03 12:11:48,697 - Loaded System Directive: org.apache.velocity.runtime.directive.Stop
2015-11-03 12:11:48,698 - Loaded System Directive: org.apache.velocity.runtime.directive.Define
2015-11-03 12:11:48,698 - Loaded System Directive: org.apache.velocity.runtime.directive.Break
2015-11-03 12:11:48,699 - Loaded System Directive: org.apache.velocity.runtime.directive.Evaluate
2015-11-03 12:11:48,700 - Loaded System Directive: org.apache.velocity.runtime.directive.Literal
2015-11-03 12:11:48,702 - Loaded System Directive: org.apache.velocity.runtime.directive.Macro
2015-11-03 12:11:48,703 - Loaded System Directive: org.apache.velocity.runtime.directive.Parse
2015-11-03 12:11:48,704 - Loaded System Directive: org.apache.velocity.runtime.directive.Include
2015-11-03 12:11:48,705 - Loaded System Directive: org.apache.velocity.runtime.directive.Foreach
2015-11-03 12:11:48,737 - Created '20' parsers.
2015-11-03 12:11:48,743 - Velocimacro : "velocimacro.library" is not set.  Trying default library: VM_global_library.vm
2015-11-03 12:11:48,743 - Velocimacro : Default library not found.
2015-11-03 12:11:48,743 - Velocimacro : allowInline = true : VMs can be defined inline in templates
2015-11-03 12:11:48,743 - Velocimacro : allowInlineToOverride = false : VMs defined inline may NOT replace previous VM definitions
2015-11-03 12:11:48,743 - Velocimacro : allowInlineLocal = false : VMs defined inline will be global in scope if allowed.
2015-11-03 12:11:48,743 - Velocimacro : autoload off : VM system will not automatically reload global library macros
2015-11-03 12:11:49,555 - ResourceManager : found TempTemplate2978316694590350004.txt with loader org.apache.velocity.runtime.resource.loader.FileResourceLoader
2015-11-03 12:13:26,568 - Log4JLogChute initialized using file 'velocity.log'
2015-11-03 12:13:26,569 - Initializing Velocity, Calling init()...
2015-11-03 12:13:26,569 - Starting Apache Velocity v1.7-beta1 (compiled: 2010-04-02 14:09:59)
2015-11-03 12:13:26,569 - Default Properties File: org\apache\velocity\runtime\defaults\velocity.properties
2015-11-03 12:13:26,569 - Trying to use logger class org.apache.velocity.runtime.log.AvalonLogChute
2015-11-03 12:13:26,569 - Target log system for org.apache.velocity.runtime.log.AvalonLogChute is not available (java.lang.NoClassDefFoundError: org/apache/log/format/Formatter).  Falling back to next log system...
2015-11-03 12:13:26,569 - Trying to use logger class org.apache.velocity.runtime.log.Log4JLogChute
2015-11-03 12:13:26,569 - Using logger class org.apache.velocity.runtime.log.Log4JLogChute
2015-11-03 12:13:26,572 - ResourceLoader instantiated: org.apache.velocity.runtime.resource.loader.FileResourceLoader
2015-11-03 12:13:26,573 - Do unicode file recognition:  false
2015-11-03 12:13:26,574 - FileResourceLoader : adding path 'C:\Users\DSHALY~1\AppData\Local\Temp'
2015-11-03 12:13:26,582 - ResourceCache: initialized (class org.apache.velocity.runtime.resource.ResourceCacheImpl) with class java.util.Collections$SynchronizedMap cache map.
2015-11-03 12:13:26,583 - Loaded System Directive: org.apache.velocity.runtime.directive.Stop
2015-11-03 12:13:26,584 - Loaded System Directive: org.apache.velocity.runtime.directive.Define
2015-11-03 12:13:26,585 - Loaded System Directive: org.apache.velocity.runtime.directive.Break
2015-11-03 12:13:26,586 - Loaded System Directive: org.apache.velocity.runtime.directive.Evaluate
2015-11-03 12:13:26,586 - Loaded System Directive: org.apache.velocity.runtime.directive.Literal
2015-11-03 12:13:26,587 - Loaded System Directive: org.apache.velocity.runtime.directive.Macro
2015-11-03 12:13:26,588 - Loaded System Directive: org.apache.velocity.runtime.directive.Parse
2015-11-03 12:13:26,589 - Loaded System Directive: org.apache.velocity.runtime.directive.Include
2015-11-03 12:13:26,590 - Loaded System Directive: org.apache.velocity.runtime.directive.Foreach
2015-11-03 12:13:26,618 - Created '20' parsers.
2015-11-03 12:13:26,623 - Velocimacro : "velocimacro.library" is not set.  Trying default library: VM_global_library.vm
2015-11-03 12:13:26,623 - Velocimacro : Default library not found.
2015-11-03 12:13:26,623 - Velocimacro : allowInline = true : VMs can be defined inline in templates
2015-11-03 12:13:26,623 - Velocimacro : allowInlineToOverride = false : VMs defined inline may NOT replace previous VM definitions
2015-11-03 12:13:26,623 - Velocimacro : allowInlineLocal = false : VMs defined inline will be global in scope if allowed.
2015-11-03 12:13:26,623 - Velocimacro : autoload off : VM system will not automatically reload global library macros
2015-11-03 12:13:27,473 - ResourceManager : found TempTemplate4501752511778538244.txt with loader org.apache.velocity.runtime.resource.loader.FileResourceLoader
2015-11-03 14:20:11,932 - Log4JLogChute initialized using file 'velocity.log'
2015-11-03 14:20:11,932 - Initializing Velocity, Calling init()...
2015-11-03 14:20:11,932 - Starting Apache Velocity v1.7-beta1 (compiled: 2010-04-02 14:09:59)
2015-11-03 14:20:11,932 - Default Properties File: org\apache\velocity\runtime\defaults\velocity.properties
2015-11-03 14:20:11,932 - Trying to use logger class org.apache.velocity.runtime.log.AvalonLogChute
2015-11-03 14:20:11,932 - Target log system for org.apache.velocity.runtime.log.AvalonLogChute is not available (java.lang.NoClassDefFoundError: org/apache/log/format/Formatter).  Falling back to next log system...
2015-11-03 14:20:11,932 - Trying to use logger class org.apache.velocity.runtime.log.Log4JLogChute
2015-11-03 14:20:11,933 - Using logger class org.apache.velocity.runtime.log.Log4JLogChute
2015-11-03 14:20:11,936 - ResourceLoader instantiated: org.apache.velocity.runtime.resource.loader.FileResourceLoader
2015-11-03 14:20:11,937 - Do unicode file recognition:  false
2015-11-03 14:20:11,937 - FileResourceLoader : adding path 'C:\Users\DSHALY~1\AppData\Local\Temp'
2015-11-03 14:20:11,945 - ResourceCache: initialized (class org.apache.velocity.runtime.resource.ResourceCacheImpl) with class java.util.Collections$SynchronizedMap cache map.
2015-11-03 14:20:11,946 - Loaded System Directive: org.apache.velocity.runtime.directive.Stop
2015-11-03 14:20:11,947 - Loaded System Directive: org.apache.velocity.runtime.directive.Define
2015-11-03 14:20:11,947 - Loaded System Directive: org.apache.velocity.runtime.directive.Break
2015-11-03 14:20:11,948 - Loaded System Directive: org.apache.velocity.runtime.directive.Evaluate
2015-11-03 14:20:11,948 - Loaded System Directive: org.apache.velocity.runtime.directive.Literal
2015-11-03 14:20:11,951 - Loaded System Directive: org.apache.velocity.runtime.directive.Macro
2015-11-03 14:20:11,952 - Loaded System Directive: org.apache.velocity.runtime.directive.Parse
2015-11-03 14:20:11,953 - Loaded System Directive: org.apache.velocity.runtime.directive.Include
2015-11-03 14:20:11,954 - Loaded System Directive: org.apache.velocity.runtime.directive.Foreach
2015-11-03 14:20:11,987 - Created '20' parsers.
2015-11-03 14:20:11,992 - Velocimacro : "velocimacro.library" is not set.  Trying default library: VM_global_library.vm
2015-11-03 14:20:11,993 - Velocimacro : Default library not found.
2015-11-03 14:20:11,993 - Velocimacro : allowInline = true : VMs can be defined inline in templates
2015-11-03 14:20:11,993 - Velocimacro : allowInlineToOverride = false : VMs defined inline may NOT replace previous VM definitions
2015-11-03 14:20:11,993 - Velocimacro : allowInlineLocal = false : VMs defined inline will be global in scope if allowed.
2015-11-03 14:20:11,993 - Velocimacro : autoload off : VM system will not automatically reload global library macros
2015-11-03 14:20:12,636 - ResourceManager : found TempTemplate2684908115159451698.txt with loader org.apache.velocity.runtime.resource.loader.FileResourceLoader
2015-11-03 14:22:47,232 - Log4JLogChute initialized using file 'velocity.log'
2015-11-03 14:22:47,233 - Initializing Velocity, Calling init()...
2015-11-03 14:22:47,233 - Starting Apache Velocity v1.7-beta1 (compiled: 2010-04-02 14:09:59)
2015-11-03 14:22:47,233 - Default Properties File: org\apache\velocity\runtime\defaults\velocity.properties
2015-11-03 14:22:47,233 - Trying to use logger class org.apache.velocity.runtime.log.AvalonLogChute
2015-11-03 14:22:47,233 - Target log system for org.apache.velocity.runtime.log.AvalonLogChute is not available (java.lang.NoClassDefFoundError: org/apache/log/format/Formatter).  Falling back to next log system...
2015-11-03 14:22:47,233 - Trying to use logger class org.apache.velocity.runtime.log.Log4JLogChute
2015-11-03 14:22:47,233 - Using logger class org.apache.velocity.runtime.log.Log4JLogChute
2015-11-03 14:22:47,236 - ResourceLoader instantiated: org.apache.velocity.runtime.resource.loader.FileResourceLoader
2015-11-03 14:22:47,237 - Do unicode file recognition:  false
2015-11-03 14:22:47,237 - FileResourceLoader : adding path 'C:\Users\DSHALY~1\AppData\Local\Temp'
2015-11-03 14:22:47,245 - ResourceCache: initialized (class org.apache.velocity.runtime.resource.ResourceCacheImpl) with class java.util.Collections$SynchronizedMap cache map.
2015-11-03 14:22:47,246 - Loaded System Directive: org.apache.velocity.runtime.directive.Stop
2015-11-03 14:22:47,247 - Loaded System Directive: org.apache.velocity.runtime.directive.Define
2015-11-03 14:22:47,248 - Loaded System Directive: org.apache.velocity.runtime.directive.Break
2015-11-03 14:22:47,248 - Loaded System Directive: org.apache.velocity.runtime.directive.Evaluate
2015-11-03 14:22:47,249 - Loaded System Directive: org.apache.velocity.runtime.directive.Literal
2015-11-03 14:22:47,250 - Loaded System Directive: org.apache.velocity.runtime.directive.Macro
2015-11-03 14:22:47,252 - Loaded System Directive: org.apache.velocity.runtime.directive.Parse
2015-11-03 14:22:47,253 - Loaded System Directive: org.apache.velocity.runtime.directive.Include
2015-11-03 14:22:47,253 - Loaded System Directive: org.apache.velocity.runtime.directive.Foreach
2015-11-03 14:22:47,277 - Created '20' parsers.
2015-11-03 14:22:47,282 - Velocimacro : "velocimacro.library" is not set.  Trying default library: VM_global_library.vm
2015-11-03 14:22:47,282 - Velocimacro : Default library not found.
2015-11-03 14:22:47,282 - Velocimacro : allowInline = true : VMs can be defined inline in templates
2015-11-03 14:22:47,282 - Velocimacro : allowInlineToOverride = false : VMs defined inline may NOT replace previous VM definitions
2015-11-03 14:22:47,282 - Velocimacro : allowInlineLocal = false : VMs defined inline will be global in scope if allowed.
2015-11-03 14:22:47,282 - Velocimacro : autoload off : VM system will not automatically reload global library macros
2015-11-03 14:22:47,904 - ResourceManager : found TempTemplate2712692133231540781.txt with loader org.apache.velocity.runtime.resource.loader.FileResourceLoader
2015-11-03 15:56:27,395 - Log4JLogChute initialized using file 'velocity.log'
2015-11-03 15:56:27,395 - Initializing Velocity, Calling init()...
2015-11-03 15:56:27,395 - Starting Apache Velocity v1.7-beta1 (compiled: 2010-04-02 14:09:59)
2015-11-03 15:56:27,395 - Default Properties File: org\apache\velocity\runtime\defaults\velocity.properties
2015-11-03 15:56:27,395 - Trying to use logger class org.apache.velocity.runtime.log.AvalonLogChute
2015-11-03 15:56:27,395 - Target log system for org.apache.velocity.runtime.log.AvalonLogChute is not available (java.lang.NoClassDefFoundError: org/apache/log/format/Formatter).  Falling back to next log system...
2015-11-03 15:56:27,395 - Trying to use logger class org.apache.velocity.runtime.log.Log4JLogChute
2015-11-03 15:56:27,395 - Using logger class org.apache.velocity.runtime.log.Log4JLogChute
2015-11-03 15:56:27,399 - ResourceLoader instantiated: org.apache.velocity.runtime.resource.loader.FileResourceLoader
2015-11-03 15:56:27,400 - Do unicode file recognition:  false
2015-11-03 15:56:27,400 - FileResourceLoader : adding path 'C:\Users\DSHALY~1\AppData\Local\Temp'
2015-11-03 15:56:27,408 - ResourceCache: initialized (class org.apache.velocity.runtime.resource.ResourceCacheImpl) with class java.util.Collections$SynchronizedMap cache map.
2015-11-03 15:56:27,409 - Loaded System Directive: org.apache.velocity.runtime.directive.Stop
2015-11-03 15:56:27,410 - Loaded System Directive: org.apache.velocity.runtime.directive.Define
2015-11-03 15:56:27,411 - Loaded System Directive: org.apache.velocity.runtime.directive.Break
2015-11-03 15:56:27,411 - Loaded System Directive: org.apache.velocity.runtime.directive.Evaluate
2015-11-03 15:56:27,412 - Loaded System Directive: org.apache.velocity.runtime.directive.Literal
2015-11-03 15:56:27,413 - Loaded System Directive: org.apache.velocity.runtime.directive.Macro
2015-11-03 15:56:27,414 - Loaded System Directive: org.apache.velocity.runtime.directive.Parse
2015-11-03 15:56:27,415 - Loaded System Directive: org.apache.velocity.runtime.directive.Include
2015-11-03 15:56:27,416 - Loaded System Directive: org.apache.velocity.runtime.directive.Foreach
2015-11-03 15:56:27,442 - Created '20' parsers.
2015-11-03 15:56:27,446 - Velocimacro : "velocimacro.library" is not set.  Trying default library: VM_global_library.vm
2015-11-03 15:56:27,446 - Velocimacro : Default library not found.
2015-11-03 15:56:27,447 - Velocimacro : allowInline = true : VMs can be defined inline in templates
2015-11-03 15:56:27,447 - Velocimacro : allowInlineToOverride = false : VMs defined inline may NOT replace previous VM definitions
2015-11-03 15:56:27,447 - Velocimacro : allowInlineLocal = false : VMs defined inline will be global in scope if allowed.
2015-11-03 15:56:27,447 - Velocimacro : autoload off : VM system will not automatically reload global library macros
2015-11-03 15:56:28,188 - ResourceManager : found TempTemplate3791744877252573094.txt with loader org.apache.velocity.runtime.resource.loader.FileResourceLoader
2015-11-03 15:57:45,353 - Log4JLogChute initialized using file 'velocity.log'
2015-11-03 15:57:45,354 - Initializing Velocity, Calling init()...
2015-11-03 15:57:45,354 - Starting Apache Velocity v1.7-beta1 (compiled: 2010-04-02 14:09:59)
2015-11-03 15:57:45,354 - Default Properties File: org\apache\velocity\runtime\defaults\velocity.properties
2015-11-03 15:57:45,354 - Trying to use logger class org.apache.velocity.runtime.log.AvalonLogChute
2015-11-03 15:57:45,354 - Target log system for org.apache.velocity.runtime.log.AvalonLogChute is not available (java.lang.NoClassDefFoundError: org/apache/log/format/Formatter).  Falling back to next log system...
2015-11-03 15:57:45,354 - Trying to use logger class org.apache.velocity.runtime.log.Log4JLogChute
2015-11-03 15:57:45,354 - Using logger class org.apache.velocity.runtime.log.Log4JLogChute
2015-11-03 15:57:45,358 - ResourceLoader instantiated: org.apache.velocity.runtime.resource.loader.FileResourceLoader
2015-11-03 15:57:45,359 - Do unicode file recognition:  false
2015-11-03 15:57:45,359 - FileResourceLoader : adding path 'C:\Users\DSHALY~1\AppData\Local\Temp'
2015-11-03 15:57:45,367 - ResourceCache: initialized (class org.apache.velocity.runtime.resource.ResourceCacheImpl) with class java.util.Collections$SynchronizedMap cache map.
2015-11-03 15:57:45,368 - Loaded System Directive: org.apache.velocity.runtime.directive.Stop
2015-11-03 15:57:45,369 - Loaded System Directive: org.apache.velocity.runtime.directive.Define
2015-11-03 15:57:45,369 - Loaded System Directive: org.apache.velocity.runtime.directive.Break
2015-11-03 15:57:45,370 - Loaded System Directive: org.apache.velocity.runtime.directive.Evaluate
2015-11-03 15:57:45,370 - Loaded System Directive: org.apache.velocity.runtime.directive.Literal
2015-11-03 15:57:45,371 - Loaded System Directive: org.apache.velocity.runtime.directive.Macro
2015-11-03 15:57:45,372 - Loaded System Directive: org.apache.velocity.runtime.directive.Parse
2015-11-03 15:57:45,373 - Loaded System Directive: org.apache.velocity.runtime.directive.Include
2015-11-03 15:57:45,374 - Loaded System Directive: org.apache.velocity.runtime.directive.Foreach
2015-11-03 15:57:45,400 - Created '20' parsers.
2015-11-03 15:57:45,405 - Velocimacro : "velocimacro.library" is not set.  Trying default library: VM_global_library.vm
2015-11-03 15:57:45,406 - Velocimacro : Default library not found.
2015-11-03 15:57:45,406 - Velocimacro : allowInline = true : VMs can be defined inline in templates
2015-11-03 15:57:45,406 - Velocimacro : allowInlineToOverride = false : VMs defined inline may NOT replace previous VM definitions
2015-11-03 15:57:45,406 - Velocimacro : allowInlineLocal = false : VMs defined inline will be global in scope if allowed.
2015-11-03 15:57:45,406 - Velocimacro : autoload off : VM system will not automatically reload global library macros
2015-11-03 15:57:46,032 - ResourceManager : found TempTemplate7136228070965018524.txt with loader org.apache.velocity.runtime.resource.loader.FileResourceLoader
2015-11-03 15:58:19,825 - Log4JLogChute initialized using file 'velocity.log'
2015-11-03 15:58:19,826 - Initializing Velocity, Calling init()...
2015-11-03 15:58:19,826 - Starting Apache Velocity v1.7-beta1 (compiled: 2010-04-02 14:09:59)
2015-11-03 15:58:19,826 - Default Properties File: org\apache\velocity\runtime\defaults\velocity.properties
2015-11-03 15:58:19,826 - Trying to use logger class org.apache.velocity.runtime.log.AvalonLogChute
2015-11-03 15:58:19,826 - Target log system for org.apache.velocity.runtime.log.AvalonLogChute is not available (java.lang.NoClassDefFoundError: org/apache/log/format/Formatter).  Falling back to next log system...
2015-11-03 15:58:19,826 - Trying to use logger class org.apache.velocity.runtime.log.Log4JLogChute
2015-11-03 15:58:19,826 - Using logger class org.apache.velocity.runtime.log.Log4JLogChute
2015-11-03 15:58:19,829 - ResourceLoader instantiated: org.apache.velocity.runtime.resource.loader.FileResourceLoader
2015-11-03 15:58:19,830 - Do unicode file recognition:  false
2015-11-03 15:58:19,830 - FileResourceLoader : adding path 'C:\Users\DSHALY~1\AppData\Local\Temp'
2015-11-03 15:58:19,841 - ResourceCache: initialized (class org.apache.velocity.runtime.resource.ResourceCacheImpl) with class java.util.Collections$SynchronizedMap cache map.
2015-11-03 15:58:19,842 - Loaded System Directive: org.apache.velocity.runtime.directive.Stop
2015-11-03 15:58:19,843 - Loaded System Directive: org.apache.velocity.runtime.directive.Define
2015-11-03 15:58:19,844 - Loaded System Directive: org.apache.velocity.runtime.directive.Break
2015-11-03 15:58:19,844 - Loaded System Directive: org.apache.velocity.runtime.directive.Evaluate
2015-11-03 15:58:19,845 - Loaded System Directive: org.apache.velocity.runtime.directive.Literal
2015-11-03 15:58:19,846 - Loaded System Directive: org.apache.velocity.runtime.directive.Macro
2015-11-03 15:58:19,847 - Loaded System Directive: org.apache.velocity.runtime.directive.Parse
2015-11-03 15:58:19,849 - Loaded System Directive: org.apache.velocity.runtime.directive.Include
2015-11-03 15:58:19,850 - Loaded System Directive: org.apache.velocity.runtime.directive.Foreach
2015-11-03 15:58:19,871 - Created '20' parsers.
2015-11-03 15:58:19,876 - Velocimacro : "velocimacro.library" is not set.  Trying default library: VM_global_library.vm
2015-11-03 15:58:19,876 - Velocimacro : Default library not found.
2015-11-03 15:58:19,876 - Velocimacro : allowInline = true : VMs can be defined inline in templates
2015-11-03 15:58:19,876 - Velocimacro : allowInlineToOverride = false : VMs defined inline may NOT replace previous VM definitions
2015-11-03 15:58:19,876 - Velocimacro : allowInlineLocal = false : VMs defined inline will be global in scope if allowed.
2015-11-03 15:58:19,876 - Velocimacro : autoload off : VM system will not automatically reload global library macros
2015-11-03 15:58:20,641 - ResourceManager : found TempTemplate7199605638097913106.txt with loader org.apache.velocity.runtime.resource.loader.FileResourceLoader
2015-11-03 15:58:42,819 - Log4JLogChute initialized using file 'velocity.log'
2015-11-03 15:58:42,820 - Initializing Velocity, Calling init()...
2015-11-03 15:58:42,820 - Starting Apache Velocity v1.7-beta1 (compiled: 2010-04-02 14:09:59)
2015-11-03 15:58:42,820 - Default Properties File: org\apache\velocity\runtime\defaults\velocity.properties
2015-11-03 15:58:42,820 - Trying to use logger class org.apache.velocity.runtime.log.AvalonLogChute
2015-11-03 15:58:42,820 - Target log system for org.apache.velocity.runtime.log.AvalonLogChute is not available (java.lang.NoClassDefFoundError: org/apache/log/format/Formatter).  Falling back to next log system...
2015-11-03 15:58:42,820 - Trying to use logger class org.apache.velocity.runtime.log.Log4JLogChute
2015-11-03 15:58:42,820 - Using logger class org.apache.velocity.runtime.log.Log4JLogChute
2015-11-03 15:58:42,823 - ResourceLoader instantiated: org.apache.velocity.runtime.resource.loader.FileResourceLoader
2015-11-03 15:58:42,824 - Do unicode file recognition:  false
2015-11-03 15:58:42,824 - FileResourceLoader : adding path 'C:\Users\DSHALY~1\AppData\Local\Temp'
2015-11-03 15:58:42,832 - ResourceCache: initialized (class org.apache.velocity.runtime.resource.ResourceCacheImpl) with class java.util.Collections$SynchronizedMap cache map.
2015-11-03 15:58:42,834 - Loaded System Directive: org.apache.velocity.runtime.directive.Stop
2015-11-03 15:58:42,834 - Loaded System Directive: org.apache.velocity.runtime.directive.Define
2015-11-03 15:58:42,835 - Loaded System Directive: org.apache.velocity.runtime.directive.Break
2015-11-03 15:58:42,836 - Loaded System Directive: org.apache.velocity.runtime.directive.Evaluate
2015-11-03 15:58:42,836 - Loaded System Directive: org.apache.velocity.runtime.directive.Literal
2015-11-03 15:58:42,838 - Loaded System Directive: org.apache.velocity.runtime.directive.Macro
2015-11-03 15:58:42,840 - Loaded System Directive: org.apache.velocity.runtime.directive.Parse
2015-11-03 15:58:42,841 - Loaded System Directive: org.apache.velocity.runtime.directive.Include
2015-11-03 15:58:42,841 - Loaded System Directive: org.apache.velocity.runtime.directive.Foreach
2015-11-03 15:58:42,874 - Created '20' parsers.
2015-11-03 15:58:42,882 - Velocimacro : "velocimacro.library" is not set.  Trying default library: VM_global_library.vm
2015-11-03 15:58:42,882 - Velocimacro : Default library not found.
2015-11-03 15:58:42,882 - Velocimacro : allowInline = true : VMs can be defined inline in templates
2015-11-03 15:58:42,882 - Velocimacro : allowInlineToOverride = false : VMs defined inline may NOT replace previous VM definitions
2015-11-03 15:58:42,882 - Velocimacro : allowInlineLocal = false : VMs defined inline will be global in scope if allowed.
2015-11-03 15:58:42,882 - Velocimacro : autoload off : VM system will not automatically reload global library macros
2015-11-03 15:58:43,637 - ResourceManager : found TempTemplate7441306345535287271.txt with loader org.apache.velocity.runtime.resource.loader.FileResourceLoader
2015-11-03 16:03:35,423 - Log4JLogChute initialized using file 'velocity.log'
2015-11-03 16:03:35,424 - Initializing Velocity, Calling init()...
2015-11-03 16:03:35,424 - Starting Apache Velocity v1.7-beta1 (compiled: 2010-04-02 14:09:59)
2015-11-03 16:03:35,424 - Default Properties File: org\apache\velocity\runtime\defaults\velocity.properties
2015-11-03 16:03:35,424 - Trying to use logger class org.apache.velocity.runtime.log.AvalonLogChute
2015-11-03 16:03:35,424 - Target log system for org.apache.velocity.runtime.log.AvalonLogChute is not available (java.lang.NoClassDefFoundError: org/apache/log/format/Formatter).  Falling back to next log system...
2015-11-03 16:03:35,424 - Trying to use logger class org.apache.velocity.runtime.log.Log4JLogChute
2015-11-03 16:03:35,424 - Using logger class org.apache.velocity.runtime.log.Log4JLogChute
2015-11-03 16:03:35,427 - ResourceLoader instantiated: org.apache.velocity.runtime.resource.loader.FileResourceLoader
2015-11-03 16:03:35,428 - Do unicode file recognition:  false
2015-11-03 16:03:35,428 - FileResourceLoader : adding path 'C:\Users\DSHALY~1\AppData\Local\Temp'
2015-11-03 16:03:35,435 - ResourceCache: initialized (class org.apache.velocity.runtime.resource.ResourceCacheImpl) with class java.util.Collections$SynchronizedMap cache map.
2015-11-03 16:03:35,436 - Loaded System Directive: org.apache.velocity.runtime.directive.Stop
2015-11-03 16:03:35,437 - Loaded System Directive: org.apache.velocity.runtime.directive.Define
2015-11-03 16:03:35,437 - Loaded System Directive: org.apache.velocity.runtime.directive.Break
2015-11-03 16:03:35,438 - Loaded System Directive: org.apache.velocity.runtime.directive.Evaluate
2015-11-03 16:03:35,438 - Loaded System Directive: org.apache.velocity.runtime.directive.Literal
2015-11-03 16:03:35,440 - Loaded System Directive: org.apache.velocity.runtime.directive.Macro
2015-11-03 16:03:35,441 - Loaded System Directive: org.apache.velocity.runtime.directive.Parse
2015-11-03 16:03:35,441 - Loaded System Directive: org.apache.velocity.runtime.directive.Include
2015-11-03 16:03:35,442 - Loaded System Directive: org.apache.velocity.runtime.directive.Foreach
2015-11-03 16:03:35,467 - Created '20' parsers.
2015-11-03 16:03:35,473 - Velocimacro : "velocimacro.library" is not set.  Trying default library: VM_global_library.vm
2015-11-03 16:03:35,473 - Velocimacro : Default library not found.
2015-11-03 16:03:35,473 - Velocimacro : allowInline = true : VMs can be defined inline in templates
2015-11-03 16:03:35,473 - Velocimacro : allowInlineToOverride = false : VMs defined inline may NOT replace previous VM definitions
2015-11-03 16:03:35,473 - Velocimacro : allowInlineLocal = false : VMs defined inline will be global in scope if allowed.
2015-11-03 16:03:35,473 - Velocimacro : autoload off : VM system will not automatically reload global library macros
2015-11-03 16:03:36,156 - ResourceManager : found TempTemplate4058215879186600295.txt with loader org.apache.velocity.runtime.resource.loader.FileResourceLoader
2015-11-03 16:03:51,256 - Log4JLogChute initialized using file 'velocity.log'
2015-11-03 16:03:51,257 - Initializing Velocity, Calling init()...
2015-11-03 16:03:51,257 - Starting Apache Velocity v1.7-beta1 (compiled: 2010-04-02 14:09:59)
2015-11-03 16:03:51,257 - Default Properties File: org\apache\velocity\runtime\defaults\velocity.properties
2015-11-03 16:03:51,257 - Trying to use logger class org.apache.velocity.runtime.log.AvalonLogChute
2015-11-03 16:03:51,257 - Target log system for org.apache.velocity.runtime.log.AvalonLogChute is not available (java.lang.NoClassDefFoundError: org/apache/log/format/Formatter).  Falling back to next log system...
2015-11-03 16:03:51,257 - Trying to use logger class org.apache.velocity.runtime.log.Log4JLogChute
2015-11-03 16:03:51,257 - Using logger class org.apache.velocity.runtime.log.Log4JLogChute
2015-11-03 16:03:51,260 - ResourceLoader instantiated: org.apache.velocity.runtime.resource.loader.FileResourceLoader
2015-11-03 16:03:51,260 - Do unicode file recognition:  false
2015-11-03 16:03:51,260 - FileResourceLoader : adding path 'C:\Users\DSHALY~1\AppData\Local\Temp'
2015-11-03 16:03:51,268 - ResourceCache: initialized (class org.apache.velocity.runtime.resource.ResourceCacheImpl) with class java.util.Collections$SynchronizedMap cache map.
2015-11-03 16:03:51,269 - Loaded System Directive: org.apache.velocity.runtime.directive.Stop
2015-11-03 16:03:51,269 - Loaded System Directive: org.apache.velocity.runtime.directive.Define
2015-11-03 16:03:51,270 - Loaded System Directive: org.apache.velocity.runtime.directive.Break
2015-11-03 16:03:51,270 - Loaded System Directive: org.apache.velocity.runtime.directive.Evaluate
2015-11-03 16:03:51,271 - Loaded System Directive: org.apache.velocity.runtime.directive.Literal
2015-11-03 16:03:51,272 - Loaded System Directive: org.apache.velocity.runtime.directive.Macro
2015-11-03 16:03:51,273 - Loaded System Directive: org.apache.velocity.runtime.directive.Parse
2015-11-03 16:03:51,274 - Loaded System Directive: org.apache.velocity.runtime.directive.Include
2015-11-03 16:03:51,274 - Loaded System Directive: org.apache.velocity.runtime.directive.Foreach
2015-11-03 16:03:51,297 - Created '20' parsers.
2015-11-03 16:03:51,301 - Velocimacro : "velocimacro.library" is not set.  Trying default library: VM_global_library.vm
2015-11-03 16:03:51,301 - Velocimacro : Default library not found.
2015-11-03 16:03:51,301 - Velocimacro : allowInline = true : VMs can be defined inline in templates
2015-11-03 16:03:51,301 - Velocimacro : allowInlineToOverride = false : VMs defined inline may NOT replace previous VM definitions
2015-11-03 16:03:51,301 - Velocimacro : allowInlineLocal = false : VMs defined inline will be global in scope if allowed.
2015-11-03 16:03:51,301 - Velocimacro : autoload off : VM system will not automatically reload global library macros
2015-11-03 16:03:51,854 - ResourceManager : found TempTemplate4789553851606645925.txt with loader org.apache.velocity.runtime.resource.loader.FileResourceLoader
2015-11-03 16:04:17,643 - Log4JLogChute initialized using file 'velocity.log'
2015-11-03 16:04:17,643 - Initializing Velocity, Calling init()...
2015-11-03 16:04:17,643 - Starting Apache Velocity v1.7-beta1 (compiled: 2010-04-02 14:09:59)
2015-11-03 16:04:17,643 - Default Properties File: org\apache\velocity\runtime\defaults\velocity.properties
2015-11-03 16:04:17,643 - Trying to use logger class org.apache.velocity.runtime.log.AvalonLogChute
2015-11-03 16:04:17,643 - Target log system for org.apache.velocity.runtime.log.AvalonLogChute is not available (java.lang.NoClassDefFoundError: org/apache/log/format/Formatter).  Falling back to next log system...
2015-11-03 16:04:17,643 - Trying to use logger class org.apache.velocity.runtime.log.Log4JLogChute
2015-11-03 16:04:17,643 - Using logger class org.apache.velocity.runtime.log.Log4JLogChute
2015-11-03 16:04:17,650 - ResourceLoader instantiated: org.apache.velocity.runtime.resource.loader.FileResourceLoader
2015-11-03 16:04:17,651 - Do unicode file recognition:  false
2015-11-03 16:04:17,651 - FileResourceLoader : adding path 'C:\Users\DSHALY~1\AppData\Local\Temp'
2015-11-03 16:04:17,659 - ResourceCache: initialized (class org.apache.velocity.runtime.resource.ResourceCacheImpl) with class java.util.Collections$SynchronizedMap cache map.
2015-11-03 16:04:17,660 - Loaded System Directive: org.apache.velocity.runtime.directive.Stop
2015-11-03 16:04:17,661 - Loaded System Directive: org.apache.velocity.runtime.directive.Define
2015-11-03 16:04:17,662 - Loaded System Directive: org.apache.velocity.runtime.directive.Break
2015-11-03 16:04:17,663 - Loaded System Directive: org.apache.velocity.runtime.directive.Evaluate
2015-11-03 16:04:17,663 - Loaded System Directive: org.apache.velocity.runtime.directive.Literal
2015-11-03 16:04:17,665 - Loaded System Directive: org.apache.velocity.runtime.directive.Macro
2015-11-03 16:04:17,666 - Loaded System Directive: org.apache.velocity.runtime.directive.Parse
2015-11-03 16:04:17,667 - Loaded System Directive: org.apache.velocity.runtime.directive.Include
2015-11-03 16:04:17,668 - Loaded System Directive: org.apache.velocity.runtime.directive.Foreach
2015-11-03 16:04:17,692 - Created '20' parsers.
2015-11-03 16:04:17,698 - Velocimacro : "velocimacro.library" is not set.  Trying default library: VM_global_library.vm
2015-11-03 16:04:17,698 - Velocimacro : Default library not found.
2015-11-03 16:04:17,698 - Velocimacro : allowInline = true : VMs can be defined inline in templates
2015-11-03 16:04:17,698 - Velocimacro : allowInlineToOverride = false : VMs defined inline may NOT replace previous VM definitions
2015-11-03 16:04:17,698 - Velocimacro : allowInlineLocal = false : VMs defined inline will be global in scope if allowed.
2015-11-03 16:04:17,698 - Velocimacro : autoload off : VM system will not automatically reload global library macros
2015-11-03 16:04:18,450 - ResourceManager : found TempTemplate3920312516446028064.txt with loader org.apache.velocity.runtime.resource.loader.FileResourceLoader
2015-11-03 16:04:29,310 - Log4JLogChute initialized using file 'velocity.log'
2015-11-03 16:04:29,310 - Initializing Velocity, Calling init()...
2015-11-03 16:04:29,310 - Starting Apache Velocity v1.7-beta1 (compiled: 2010-04-02 14:09:59)
2015-11-03 16:04:29,310 - Default Properties File: org\apache\velocity\runtime\defaults\velocity.properties
2015-11-03 16:04:29,310 - Trying to use logger class org.apache.velocity.runtime.log.AvalonLogChute
2015-11-03 16:04:29,310 - Target log system for org.apache.velocity.runtime.log.AvalonLogChute is not available (java.lang.NoClassDefFoundError: org/apache/log/format/Formatter).  Falling back to next log system...
2015-11-03 16:04:29,310 - Trying to use logger class org.apache.velocity.runtime.log.Log4JLogChute
2015-11-03 16:04:29,310 - Using logger class org.apache.velocity.runtime.log.Log4JLogChute
2015-11-03 16:04:29,314 - ResourceLoader instantiated: org.apache.velocity.runtime.resource.loader.FileResourceLoader
2015-11-03 16:04:29,315 - Do unicode file recognition:  false
2015-11-03 16:04:29,315 - FileResourceLoader : adding path 'C:\Users\DSHALY~1\AppData\Local\Temp'
2015-11-03 16:04:29,323 - ResourceCache: initialized (class org.apache.velocity.runtime.resource.ResourceCacheImpl) with class java.util.Collections$SynchronizedMap cache map.
2015-11-03 16:04:29,324 - Loaded System Directive: org.apache.velocity.runtime.directive.Stop
2015-11-03 16:04:29,325 - Loaded System Directive: org.apache.velocity.runtime.directive.Define
2015-11-03 16:04:29,325 - Loaded System Directive: org.apache.velocity.runtime.directive.Break
2015-11-03 16:04:29,326 - Loaded System Directive: org.apache.velocity.runtime.directive.Evaluate
2015-11-03 16:04:29,326 - Loaded System Directive: org.apache.velocity.runtime.directive.Literal
2015-11-03 16:04:29,328 - Loaded System Directive: org.apache.velocity.runtime.directive.Macro
2015-11-03 16:04:29,329 - Loaded System Directive: org.apache.velocity.runtime.directive.Parse
2015-11-03 16:04:29,330 - Loaded System Directive: org.apache.velocity.runtime.directive.Include
2015-11-03 16:04:29,332 - Loaded System Directive: org.apache.velocity.runtime.directive.Foreach
2015-11-03 16:04:29,356 - Created '20' parsers.
2015-11-03 16:04:29,362 - Velocimacro : "velocimacro.library" is not set.  Trying default library: VM_global_library.vm
2015-11-03 16:04:29,362 - Velocimacro : Default library not found.
2015-11-03 16:04:29,362 - Velocimacro : allowInline = true : VMs can be defined inline in templates
2015-11-03 16:04:29,362 - Velocimacro : allowInlineToOverride = false : VMs defined inline may NOT replace previous VM definitions
2015-11-03 16:04:29,362 - Velocimacro : allowInlineLocal = false : VMs defined inline will be global in scope if allowed.
2015-11-03 16:04:29,362 - Velocimacro : autoload off : VM system will not automatically reload global library macros
2015-11-03 16:04:29,990 - ResourceManager : found TempTemplate7783091658488583608.txt with loader org.apache.velocity.runtime.resource.loader.FileResourceLoader
2015-11-03 16:16:04,840 - Log4JLogChute initialized using file 'velocity.log'
2015-11-03 16:16:04,841 - Initializing Velocity, Calling init()...
2015-11-03 16:16:04,841 - Starting Apache Velocity v1.7-beta1 (compiled: 2010-04-02 14:09:59)
2015-11-03 16:16:04,841 - Default Properties File: org\apache\velocity\runtime\defaults\velocity.properties
2015-11-03 16:16:04,841 - Trying to use logger class org.apache.velocity.runtime.log.AvalonLogChute
2015-11-03 16:16:04,841 - Target log system for org.apache.velocity.runtime.log.AvalonLogChute is not available (java.lang.NoClassDefFoundError: org/apache/log/format/Formatter).  Falling back to next log system...
2015-11-03 16:16:04,841 - Trying to use logger class org.apache.velocity.runtime.log.Log4JLogChute
2015-11-03 16:16:04,841 - Using logger class org.apache.velocity.runtime.log.Log4JLogChute
2015-11-03 16:16:04,845 - ResourceLoader instantiated: org.apache.velocity.runtime.resource.loader.FileResourceLoader
2015-11-03 16:16:04,846 - Do unicode file recognition:  false
2015-11-03 16:16:04,846 - FileResourceLoader : adding path 'C:\Users\DSHALY~1\AppData\Local\Temp'
2015-11-03 16:16:04,855 - ResourceCache: initialized (class org.apache.velocity.runtime.resource.ResourceCacheImpl) with class java.util.Collections$SynchronizedMap cache map.
2015-11-03 16:16:04,856 - Loaded System Directive: org.apache.velocity.runtime.directive.Stop
2015-11-03 16:16:04,857 - Loaded System Directive: org.apache.velocity.runtime.directive.Define
2015-11-03 16:16:04,858 - Loaded System Directive: org.apache.velocity.runtime.directive.Break
2015-11-03 16:16:04,858 - Loaded System Directive: org.apache.velocity.runtime.directive.Evaluate
2015-11-03 16:16:04,859 - Loaded System Directive: org.apache.velocity.runtime.directive.Literal
2015-11-03 16:16:04,860 - Loaded System Directive: org.apache.velocity.runtime.directive.Macro
2015-11-03 16:16:04,861 - Loaded System Directive: org.apache.velocity.runtime.directive.Parse
2015-11-03 16:16:04,862 - Loaded System Directive: org.apache.velocity.runtime.directive.Include
2015-11-03 16:16:04,863 - Loaded System Directive: org.apache.velocity.runtime.directive.Foreach
2015-11-03 16:16:04,893 - Created '20' parsers.
2015-11-03 16:16:04,899 - Velocimacro : "velocimacro.library" is not set.  Trying default library: VM_global_library.vm
2015-11-03 16:16:04,899 - Velocimacro : Default library not found.
2015-11-03 16:16:04,899 - Velocimacro : allowInline = true : VMs can be defined inline in templates
2015-11-03 16:16:04,899 - Velocimacro : allowInlineToOverride = false : VMs defined inline may NOT replace previous VM definitions
2015-11-03 16:16:04,899 - Velocimacro : allowInlineLocal = false : VMs defined inline will be global in scope if allowed.
2015-11-03 16:16:04,899 - Velocimacro : autoload off : VM system will not automatically reload global library macros
2015-11-03 16:16:05,701 - ResourceManager : found TempTemplate3107063218156469176.txt with loader org.apache.velocity.runtime.resource.loader.FileResourceLoader
